{"C:\\web_site\\WeatherSite\\weathersite\\src\\api\\getWeather.ts": {"path":"C:\\web_site\\WeatherSite\\weathersite\\src\\api\\getWeather.ts","statementMap":{"0":{"start":{"line":1,"column":12},"end":{"line":1,"column":46}},"1":{"start":{"line":3,"column":33},"end":{"line":20,"column":1}},"2":{"start":{"line":4,"column":19},"end":{"line":6,"column":3}},"3":{"start":{"line":7,"column":2},"end":{"line":9,"column":3}},"4":{"start":{"line":8,"column":4},"end":{"line":8,"column":61}},"5":{"start":{"line":10,"column":2},"end":{"line":12,"column":3}},"6":{"start":{"line":11,"column":4},"end":{"line":11,"column":58}},"7":{"start":{"line":13,"column":20},"end":{"line":13,"column":41}},"8":{"start":{"line":15,"column":2},"end":{"line":17,"column":3}},"9":{"start":{"line":16,"column":4},"end":{"line":16,"column":55}},"10":{"start":{"line":19,"column":2},"end":{"line":19,"column":19}}},"fnMap":{"0":{"name":"(anonymous_0)","decl":{"start":{"line":3,"column":33},"end":{"line":3,"column":34}},"loc":{"start":{"line":3,"column":57},"end":{"line":20,"column":1}},"line":3}},"branchMap":{"0":{"loc":{"start":{"line":7,"column":2},"end":{"line":9,"column":3}},"type":"if","locations":[{"start":{"line":7,"column":2},"end":{"line":9,"column":3}},{"start":{},"end":{}}],"line":7},"1":{"loc":{"start":{"line":10,"column":2},"end":{"line":12,"column":3}},"type":"if","locations":[{"start":{"line":10,"column":2},"end":{"line":12,"column":3}},{"start":{},"end":{}}],"line":10},"2":{"loc":{"start":{"line":15,"column":2},"end":{"line":17,"column":3}},"type":"if","locations":[{"start":{"line":15,"column":2},"end":{"line":17,"column":3}},{"start":{},"end":{}}],"line":15}},"s":{"0":1,"1":1,"2":0,"3":0,"4":0,"5":0,"6":0,"7":0,"8":0,"9":0,"10":0},"f":{"0":0},"b":{"0":[0,0],"1":[0,0],"2":[0,0]},"_coverageSchema":"1a1c01bbd47fc00a2c39e90264f33305004495a9","hash":"22db03ad4c43b32987343d850e83610cb5ffa073"}
,"C:\\web_site\\WeatherSite\\weathersite\\src\\components\\IconWeather\\IconWeather.tsx": {"path":"C:\\web_site\\WeatherSite\\weathersite\\src\\components\\IconWeather\\IconWeather.tsx","statementMap":{"0":{"start":{"line":2,"column":20},"end":{"line":6,"column":1}},"1":{"start":{"line":3,"column":18},"end":{"line":3,"column":71}},"2":{"start":{"line":5,"column":2},"end":{"line":5,"column":50}}},"fnMap":{"0":{"name":"(anonymous_0)","decl":{"start":{"line":2,"column":20},"end":{"line":2,"column":21}},"loc":{"start":{"line":2,"column":60},"end":{"line":6,"column":1}},"line":2}},"branchMap":{},"s":{"0":1,"1":0,"2":0},"f":{"0":0},"b":{},"_coverageSchema":"1a1c01bbd47fc00a2c39e90264f33305004495a9","hash":"c6d2c7ee3a54538623f61e77dbb60ce2f7541b5c"}
,"C:\\web_site\\WeatherSite\\weathersite\\src\\components\\ListItem\\ListItem.tsx": {"path":"C:\\web_site\\WeatherSite\\weathersite\\src\\components\\ListItem\\ListItem.tsx","statementMap":{"0":{"start":{"line":7,"column":17},"end":{"line":26,"column":1}},"1":{"start":{"line":8,"column":56},"end":{"line":8,"column":63}},"2":{"start":{"line":10,"column":2},"end":{"line":25,"column":4}}},"fnMap":{"0":{"name":"(anonymous_0)","decl":{"start":{"line":7,"column":17},"end":{"line":7,"column":18}},"loc":{"start":{"line":7,"column":52},"end":{"line":26,"column":1}},"line":7}},"branchMap":{},"s":{"0":1,"1":0,"2":0},"f":{"0":0},"b":{},"_coverageSchema":"1a1c01bbd47fc00a2c39e90264f33305004495a9","hash":"419dbc13275a20c32d0d82a750bbaaa769505213"}
,"C:\\web_site\\WeatherSite\\weathersite\\src\\components\\ListItem\\ListItemWeather.ts": {"path":"C:\\web_site\\WeatherSite\\weathersite\\src\\components\\ListItem\\ListItemWeather.ts","statementMap":{"0":{"start":{"line":3,"column":29},"end":{"line":22,"column":1}},"1":{"start":{"line":24,"column":20},"end":{"line":28,"column":1}},"2":{"start":{"line":30,"column":24},"end":{"line":35,"column":1}}},"fnMap":{},"branchMap":{},"s":{"0":1,"1":1,"2":1},"f":{},"b":{},"_coverageSchema":"1a1c01bbd47fc00a2c39e90264f33305004495a9","hash":"83172f753db0e68044a13637c5e307232be76d6d"}
,"C:\\web_site\\WeatherSite\\weathersite\\src\\components\\Loader\\Loader.tsx": {"path":"C:\\web_site\\WeatherSite\\weathersite\\src\\components\\Loader\\Loader.tsx","statementMap":{"0":{"start":{"line":3,"column":15},"end":{"line":9,"column":1}},"1":{"start":{"line":4,"column":2},"end":{"line":8,"column":4}}},"fnMap":{"0":{"name":"(anonymous_0)","decl":{"start":{"line":3,"column":15},"end":{"line":3,"column":16}},"loc":{"start":{"line":3,"column":21},"end":{"line":9,"column":1}},"line":3}},"branchMap":{},"s":{"0":1,"1":0},"f":{"0":0},"b":{},"_coverageSchema":"1a1c01bbd47fc00a2c39e90264f33305004495a9","hash":"f251164105ff57c76c06aba9c25bee07352cd726"}
,"C:\\web_site\\WeatherSite\\weathersite\\src\\components\\Main\\Main.tsx": {"path":"C:\\web_site\\WeatherSite\\weathersite\\src\\components\\Main\\Main.tsx","statementMap":{"0":{"start":{"line":17,"column":13},"end":{"line":75,"column":1}},"1":{"start":{"line":18,"column":24},"end":{"line":18,"column":38}},"2":{"start":{"line":20,"column":36},"end":{"line":20,"column":51}},"3":{"start":{"line":21,"column":32},"end":{"line":21,"column":61}},"4":{"start":{"line":22,"column":40},"end":{"line":22,"column":75}},"5":{"start":{"line":23,"column":46},"end":{"line":23,"column":74}},"6":{"start":{"line":25,"column":2},"end":{"line":43,"column":18}},"7":{"start":{"line":26,"column":4},"end":{"line":42,"column":5}},"8":{"start":{"line":27,"column":6},"end":{"line":27,"column":25}},"9":{"start":{"line":28,"column":6},"end":{"line":28,"column":23}},"10":{"start":{"line":29,"column":6},"end":{"line":38,"column":11}},"11":{"start":{"line":31,"column":10},"end":{"line":31,"column":30}},"12":{"start":{"line":32,"column":10},"end":{"line":32,"column":40}},"13":{"start":{"line":33,"column":10},"end":{"line":33,"column":43}},"14":{"start":{"line":36,"column":10},"end":{"line":36,"column":79}},"15":{"start":{"line":37,"column":10},"end":{"line":37,"column":30}},"16":{"start":{"line":40,"column":6},"end":{"line":40,"column":26}},"17":{"start":{"line":41,"column":6},"end":{"line":41,"column":23}},"18":{"start":{"line":45,"column":24},"end":{"line":45,"column":59}},"19":{"start":{"line":47,"column":2},"end":{"line":74,"column":4}},"20":{"start":{"line":65,"column":16},"end":{"line":67,"column":22}}},"fnMap":{"0":{"name":"(anonymous_0)","decl":{"start":{"line":17,"column":13},"end":{"line":17,"column":14}},"loc":{"start":{"line":17,"column":19},"end":{"line":75,"column":1}},"line":17},"1":{"name":"(anonymous_1)","decl":{"start":{"line":25,"column":12},"end":{"line":25,"column":13}},"loc":{"start":{"line":25,"column":18},"end":{"line":43,"column":3}},"line":25},"2":{"name":"(anonymous_2)","decl":{"start":{"line":30,"column":14},"end":{"line":30,"column":15}},"loc":{"start":{"line":30,"column":28},"end":{"line":34,"column":9}},"line":30},"3":{"name":"(anonymous_3)","decl":{"start":{"line":35,"column":15},"end":{"line":35,"column":16}},"loc":{"start":{"line":35,"column":26},"end":{"line":38,"column":9}},"line":35},"4":{"name":"(anonymous_4)","decl":{"start":{"line":64,"column":45},"end":{"line":64,"column":46}},"loc":{"start":{"line":65,"column":16},"end":{"line":67,"column":22}},"line":65}},"branchMap":{"0":{"loc":{"start":{"line":26,"column":4},"end":{"line":42,"column":5}},"type":"if","locations":[{"start":{"line":26,"column":4},"end":{"line":42,"column":5}},{"start":{"line":39,"column":11},"end":{"line":42,"column":5}}],"line":26},"1":{"loc":{"start":{"line":50,"column":9},"end":{"line":50,"column":79}},"type":"cond-expr","locations":[{"start":{"line":50,"column":21},"end":{"line":50,"column":40}},{"start":{"line":50,"column":43},"end":{"line":50,"column":79}}],"line":50},"2":{"loc":{"start":{"line":52,"column":7},"end":{"line":52,"column":30}},"type":"binary-expr","locations":[{"start":{"line":52,"column":7},"end":{"line":52,"column":16}},{"start":{"line":52,"column":20},"end":{"line":52,"column":30}}],"line":52},"3":{"loc":{"start":{"line":53,"column":7},"end":{"line":53,"column":48}},"type":"binary-expr","locations":[{"start":{"line":53,"column":7},"end":{"line":53,"column":17}},{"start":{"line":53,"column":21},"end":{"line":53,"column":28}},{"start":{"line":53,"column":32},"end":{"line":53,"column":48}}],"line":53},"4":{"loc":{"start":{"line":54,"column":7},"end":{"line":72,"column":7}},"type":"binary-expr","locations":[{"start":{"line":54,"column":7},"end":{"line":54,"column":17}},{"start":{"line":54,"column":21},"end":{"line":54,"column":29}},{"start":{"line":54,"column":33},"end":{"line":54,"column":44}},{"start":{"line":54,"column":48},"end":{"line":54,"column":73}},{"start":{"line":55,"column":8},"end":{"line":71,"column":11}}],"line":54}},"s":{"0":1,"1":1,"2":1,"3":1,"4":1,"5":1,"6":1,"7":1,"8":0,"9":0,"10":0,"11":0,"12":0,"13":0,"14":0,"15":0,"16":1,"17":1,"18":1,"19":1,"20":0},"f":{"0":1,"1":1,"2":0,"3":0,"4":0},"b":{"0":[0,1],"1":[0,1],"2":[1,0],"3":[1,1,0],"4":[1,1,1,0,0]},"_coverageSchema":"1a1c01bbd47fc00a2c39e90264f33305004495a9","hash":"8226ee28b4ffa737cc1bfb56029156363943072e"}
,"C:\\web_site\\WeatherSite\\weathersite\\src\\components\\Main\\MainStyle.ts": {"path":"C:\\web_site\\WeatherSite\\weathersite\\src\\components\\Main\\MainStyle.ts","statementMap":{"0":{"start":{"line":3,"column":29},"end":{"line":7,"column":1}},"1":{"start":{"line":9,"column":24},"end":{"line":11,"column":1}},"2":{"start":{"line":13,"column":26},"end":{"line":18,"column":1}},"3":{"start":{"line":20,"column":26},"end":{"line":30,"column":1}},"4":{"start":{"line":31,"column":26},"end":{"line":45,"column":1}},"5":{"start":{"line":47,"column":25},"end":{"line":54,"column":1}},"6":{"start":{"line":56,"column":26},"end":{"line":59,"column":1}},"7":{"start":{"line":61,"column":23},"end":{"line":63,"column":1}},"8":{"start":{"line":65,"column":31},"end":{"line":69,"column":1}},"9":{"start":{"line":71,"column":24},"end":{"line":77,"column":1}},"10":{"start":{"line":79,"column":27},"end":{"line":88,"column":1}}},"fnMap":{},"branchMap":{},"s":{"0":1,"1":1,"2":1,"3":1,"4":1,"5":1,"6":1,"7":1,"8":1,"9":1,"10":1},"f":{},"b":{},"_coverageSchema":"1a1c01bbd47fc00a2c39e90264f33305004495a9","hash":"c81f9b6289a745f73db56b3a3e58e57846d141b0"}
,"C:\\web_site\\WeatherSite\\weathersite\\src\\components\\Search\\Search.tsx": {"path":"C:\\web_site\\WeatherSite\\weathersite\\src\\components\\Search\\Search.tsx","statementMap":{"0":{"start":{"line":10,"column":15},"end":{"line":54,"column":1}},"1":{"start":{"line":11,"column":27},"end":{"line":11,"column":41}},"2":{"start":{"line":12,"column":28},"end":{"line":12,"column":57}},"3":{"start":{"line":13,"column":38},"end":{"line":13,"column":50}},"4":{"start":{"line":15,"column":24},"end":{"line":22,"column":3}},"5":{"start":{"line":16,"column":4},"end":{"line":19,"column":5}},"6":{"start":{"line":17,"column":6},"end":{"line":17,"column":51}},"7":{"start":{"line":18,"column":6},"end":{"line":18,"column":19}},"8":{"start":{"line":20,"column":4},"end":{"line":20,"column":19}},"9":{"start":{"line":21,"column":4},"end":{"line":21,"column":16}},"10":{"start":{"line":24,"column":23},"end":{"line":27,"column":3}},"11":{"start":{"line":25,"column":19},"end":{"line":25,"column":37}},"12":{"start":{"line":26,"column":4},"end":{"line":26,"column":26}},"13":{"start":{"line":29,"column":28},"end":{"line":33,"column":3}},"14":{"start":{"line":30,"column":4},"end":{"line":32,"column":5}},"15":{"start":{"line":31,"column":6},"end":{"line":31,"column":31}},"16":{"start":{"line":35,"column":2},"end":{"line":53,"column":4}}},"fnMap":{"0":{"name":"(anonymous_0)","decl":{"start":{"line":10,"column":15},"end":{"line":10,"column":16}},"loc":{"start":{"line":10,"column":21},"end":{"line":54,"column":1}},"line":10},"1":{"name":"(anonymous_1)","decl":{"start":{"line":15,"column":24},"end":{"line":15,"column":25}},"loc":{"start":{"line":15,"column":43},"end":{"line":22,"column":3}},"line":15},"2":{"name":"(anonymous_2)","decl":{"start":{"line":24,"column":23},"end":{"line":24,"column":24}},"loc":{"start":{"line":24,"column":71},"end":{"line":27,"column":3}},"line":24},"3":{"name":"(anonymous_3)","decl":{"start":{"line":29,"column":28},"end":{"line":29,"column":29}},"loc":{"start":{"line":29,"column":34},"end":{"line":33,"column":3}},"line":29}},"branchMap":{"0":{"loc":{"start":{"line":16,"column":4},"end":{"line":19,"column":5}},"type":"if","locations":[{"start":{"line":16,"column":4},"end":{"line":19,"column":5}},{"start":{},"end":{}}],"line":16},"1":{"loc":{"start":{"line":30,"column":4},"end":{"line":32,"column":5}},"type":"if","locations":[{"start":{"line":30,"column":4},"end":{"line":32,"column":5}},{"start":{},"end":{}}],"line":30},"2":{"loc":{"start":{"line":51,"column":7},"end":{"line":51,"column":55}},"type":"binary-expr","locations":[{"start":{"line":51,"column":7},"end":{"line":51,"column":12}},{"start":{"line":51,"column":16},"end":{"line":51,"column":55}}],"line":51}},"s":{"0":2,"1":2,"2":2,"3":2,"4":2,"5":1,"6":1,"7":1,"8":0,"9":0,"10":2,"11":0,"12":0,"13":2,"14":1,"15":0,"16":2},"f":{"0":2,"1":1,"2":0,"3":1},"b":{"0":[1,0],"1":[0,1],"2":[2,1]},"_coverageSchema":"1a1c01bbd47fc00a2c39e90264f33305004495a9","hash":"9d8980de9b2ba96337be901c7625eceb6d72e2d5"}
,"C:\\web_site\\WeatherSite\\weathersite\\src\\components\\Search\\SearchStyle.ts": {"path":"C:\\web_site\\WeatherSite\\weathersite\\src\\components\\Search\\SearchStyle.ts","statementMap":{"0":{"start":{"line":3,"column":26},"end":{"line":5,"column":1}},"1":{"start":{"line":7,"column":27},"end":{"line":10,"column":1}},"2":{"start":{"line":12,"column":27},"end":{"line":23,"column":1}},"3":{"start":{"line":25,"column":27},"end":{"line":36,"column":1}}},"fnMap":{},"branchMap":{},"s":{"0":2,"1":2,"2":2,"3":2},"f":{},"b":{},"_coverageSchema":"1a1c01bbd47fc00a2c39e90264f33305004495a9","hash":"08aedf2c802759777ba9dcd1b87b032a385ceec6"}
,"C:\\web_site\\WeatherSite\\weathersite\\src\\context\\inputContext.tsx": {"path":"C:\\web_site\\WeatherSite\\weathersite\\src\\context\\inputContext.tsx","statementMap":{"0":{"start":{"line":9,"column":28},"end":{"line":11,"column":1}},"1":{"start":{"line":13,"column":29},"end":{"line":21,"column":1}},"2":{"start":{"line":14,"column":36},"end":{"line":14,"column":56}},"3":{"start":{"line":16,"column":2},"end":{"line":20,"column":4}}},"fnMap":{"0":{"name":"(anonymous_0)","decl":{"start":{"line":13,"column":29},"end":{"line":13,"column":30}},"loc":{"start":{"line":13,"column":72},"end":{"line":21,"column":1}},"line":13}},"branchMap":{},"s":{"0":2,"1":2,"2":1,"3":1},"f":{"0":1},"b":{},"_coverageSchema":"1a1c01bbd47fc00a2c39e90264f33305004495a9","hash":"4c9427e5072a6de568480f6d52694e86740663a7"}
,"C:\\web_site\\WeatherSite\\weathersite\\src\\context\\hooks\\inputUser.tsx": {"path":"C:\\web_site\\WeatherSite\\weathersite\\src\\context\\hooks\\inputUser.tsx","statementMap":{"0":{"start":{"line":6,"column":18},"end":{"line":6,"column":42}},"1":{"start":{"line":7,"column":2},"end":{"line":9,"column":3}},"2":{"start":{"line":8,"column":4},"end":{"line":8,"column":37}},"3":{"start":{"line":10,"column":2},"end":{"line":10,"column":17}}},"fnMap":{"0":{"name":"useInputUser","decl":{"start":{"line":5,"column":16},"end":{"line":5,"column":28}},"loc":{"start":{"line":5,"column":31},"end":{"line":11,"column":1}},"line":5}},"branchMap":{"0":{"loc":{"start":{"line":7,"column":2},"end":{"line":9,"column":3}},"type":"if","locations":[{"start":{"line":7,"column":2},"end":{"line":9,"column":3}},{"start":{},"end":{}}],"line":7}},"s":{"0":3,"1":3,"2":0,"3":3},"f":{"0":3},"b":{"0":[0,3]},"_coverageSchema":"1a1c01bbd47fc00a2c39e90264f33305004495a9","hash":"373742522ac33ac5c5b94773c1405cfdec82d623"}
,"C:\\web_site\\WeatherSite\\weathersite\\src\\lib\\function.ts": {"path":"C:\\web_site\\WeatherSite\\weathersite\\src\\lib\\function.ts","statementMap":{"0":{"start":{"line":3,"column":27},"end":{"line":6,"column":1}},"1":{"start":{"line":4,"column":21},"end":{"line":4,"column":49}},"2":{"start":{"line":5,"column":2},"end":{"line":5,"column":20}},"3":{"start":{"line":7,"column":27},"end":{"line":10,"column":1}},"4":{"start":{"line":8,"column":18},"end":{"line":8,"column":60}},"5":{"start":{"line":9,"column":2},"end":{"line":9,"column":17}},"6":{"start":{"line":11,"column":35},"end":{"line":31,"column":1}},"7":{"start":{"line":12,"column":16},"end":{"line":12,"column":26}},"8":{"start":{"line":13,"column":2},"end":{"line":13,"column":32}},"9":{"start":{"line":15,"column":51},"end":{"line":15,"column":53}},"10":{"start":{"line":17,"column":2},"end":{"line":28,"column":5}},"11":{"start":{"line":18,"column":21},"end":{"line":18,"column":42}},"12":{"start":{"line":19,"column":4},"end":{"line":19,"column":37}},"13":{"start":{"line":21,"column":4},"end":{"line":26,"column":5}},"14":{"start":{"line":22,"column":18},"end":{"line":22,"column":54}},"15":{"start":{"line":23,"column":6},"end":{"line":25,"column":7}},"16":{"start":{"line":24,"column":8},"end":{"line":24,"column":28}},"17":{"start":{"line":30,"column":2},"end":{"line":30,"column":32}}},"fnMap":{"0":{"name":"(anonymous_0)","decl":{"start":{"line":3,"column":27},"end":{"line":3,"column":28}},"loc":{"start":{"line":3,"column":47},"end":{"line":6,"column":1}},"line":3},"1":{"name":"(anonymous_1)","decl":{"start":{"line":7,"column":27},"end":{"line":7,"column":28}},"loc":{"start":{"line":7,"column":45},"end":{"line":10,"column":1}},"line":7},"2":{"name":"(anonymous_2)","decl":{"start":{"line":11,"column":35},"end":{"line":11,"column":36}},"loc":{"start":{"line":11,"column":61},"end":{"line":31,"column":1}},"line":11},"3":{"name":"(anonymous_3)","decl":{"start":{"line":17,"column":15},"end":{"line":17,"column":16}},"loc":{"start":{"line":17,"column":25},"end":{"line":28,"column":3}},"line":17}},"branchMap":{"0":{"loc":{"start":{"line":21,"column":4},"end":{"line":26,"column":5}},"type":"if","locations":[{"start":{"line":21,"column":4},"end":{"line":26,"column":5}},{"start":{},"end":{}}],"line":21},"1":{"loc":{"start":{"line":23,"column":6},"end":{"line":25,"column":7}},"type":"if","locations":[{"start":{"line":23,"column":6},"end":{"line":25,"column":7}},{"start":{},"end":{}}],"line":23}},"s":{"0":2,"1":0,"2":0,"3":2,"4":0,"5":0,"6":2,"7":2,"8":2,"9":2,"10":2,"11":2,"12":2,"13":2,"14":2,"15":2,"16":2,"17":2},"f":{"0":0,"1":0,"2":2,"3":2},"b":{"0":[2,0],"1":[2,0]},"_coverageSchema":"1a1c01bbd47fc00a2c39e90264f33305004495a9","hash":"954a43eb7b5adbf7c7a631fcb23a4eeca7d8db9e"}
}
